2019-05-12 13:33:35,202 [main]  INFO Starting PaymentApplication on TRCM-ACDM9 with PID 5004 (C:\Users\nobed\Payment\target\classes started by nobed in C:\Users\nobed\Payment)
2019-05-12 13:33:35,232 [main]  INFO No active profile set, falling back to default profiles: default
2019-05-12 13:33:35,753 [main]  INFO Bootstrapping Spring Data repositories in DEFAULT mode.
2019-05-12 13:33:35,791 [main]  INFO Finished Spring Data repository scanning in 34ms. Found 1 repository interfaces.
2019-05-12 13:33:35,964 [main]  INFO Bean 'org.springframework.transaction.annotation.ProxyTransactionManagementConfiguration' of type [org.springframework.transaction.annotation.ProxyTransactionManagementConfiguration$$EnhancerBySpringCGLIB$$dac6e1e] is not eligible for getting processed by all BeanPostProcessors (for example: not eligible for auto-proxying)
2019-05-12 13:33:36,242 [main]  INFO Tomcat initialized with port(s): 8080 (http)
2019-05-12 13:33:36,254 [main]  INFO Starting service [Tomcat]
2019-05-12 13:33:36,254 [main]  INFO Starting Servlet engine: [Apache Tomcat/9.0.17]
2019-05-12 13:33:36,332 [main]  INFO Initializing Spring embedded WebApplicationContext
2019-05-12 13:33:36,332 [main]  INFO Root WebApplicationContext: initialization completed in 1080 ms
2019-05-12 13:33:36,431 [main]  INFO HikariPool-1 - Starting...
2019-05-12 13:33:36,501 [main]  INFO HikariPool-1 - Start completed.
2019-05-12 13:33:36,575 [main]  INFO HHH000204: Processing PersistenceUnitInfo [
	name: default
	...]
2019-05-12 13:33:36,610 [main]  INFO HHH000412: Hibernate Core {5.3.9.Final}
2019-05-12 13:33:36,611 [main]  INFO HHH000206: hibernate.properties not found
2019-05-12 13:33:36,680 [main]  INFO HCANN000001: Hibernate Commons Annotations {5.0.4.Final}
2019-05-12 13:33:36,771 [main]  INFO HHH000400: Using dialect: org.hibernate.dialect.MySQL5Dialect
2019-05-12 13:33:37,195 [main]  INFO Initialized JPA EntityManagerFactory for persistence unit 'default'
2019-05-12 13:33:37,545 [main]  INFO Initializing ExecutorService 'applicationTaskExecutor'
2019-05-12 13:33:37,582 [main]  WARN spring.jpa.open-in-view is enabled by default. Therefore, database queries may be performed during view rendering. Explicitly configure spring.jpa.open-in-view to disable this warning
2019-05-12 13:33:37,696 [main] ERROR Failed to start component [Connector[HTTP/1.1-8080]]
org.apache.catalina.LifecycleException: Protocol handler start failed
	at org.apache.catalina.connector.Connector.startInternal(Connector.java:1008)
	at org.apache.catalina.util.LifecycleBase.start(LifecycleBase.java:183)
	at org.apache.catalina.core.StandardService.addConnector(StandardService.java:226)
	at org.springframework.boot.web.embedded.tomcat.TomcatWebServer.addPreviouslyRemovedConnectors(TomcatWebServer.java:259)
	at org.springframework.boot.web.embedded.tomcat.TomcatWebServer.start(TomcatWebServer.java:197)
	at org.springframework.boot.web.servlet.context.ServletWebServerApplicationContext.startWebServer(ServletWebServerApplicationContext.java:311)
	at org.springframework.boot.web.servlet.context.ServletWebServerApplicationContext.finishRefresh(ServletWebServerApplicationContext.java:164)
	at org.springframework.context.support.AbstractApplicationContext.refresh(AbstractApplicationContext.java:552)
	at org.springframework.boot.web.servlet.context.ServletWebServerApplicationContext.refresh(ServletWebServerApplicationContext.java:142)
	at org.springframework.boot.SpringApplication.refresh(SpringApplication.java:775)
	at org.springframework.boot.SpringApplication.refreshContext(SpringApplication.java:397)
	at org.springframework.boot.SpringApplication.run(SpringApplication.java:316)
	at org.springframework.boot.SpringApplication.run(SpringApplication.java:1260)
	at org.springframework.boot.SpringApplication.run(SpringApplication.java:1248)
	at com.payment.demo.PaymentApplication.main(PaymentApplication.java:10)
Caused by: java.net.BindException: Address already in use: bind
	at sun.nio.ch.Net.bind0(Native Method)
	at sun.nio.ch.Net.bind(Net.java:433)
	at sun.nio.ch.Net.bind(Net.java:425)
	at sun.nio.ch.ServerSocketChannelImpl.bind(ServerSocketChannelImpl.java:223)
	at sun.nio.ch.ServerSocketAdaptor.bind(ServerSocketAdaptor.java:74)
	at org.apache.tomcat.util.net.NioEndpoint.initServerSocket(NioEndpoint.java:236)
	at org.apache.tomcat.util.net.NioEndpoint.bind(NioEndpoint.java:210)
	at org.apache.tomcat.util.net.AbstractEndpoint.bindWithCleanup(AbstractEndpoint.java:1103)
	at org.apache.tomcat.util.net.AbstractEndpoint.start(AbstractEndpoint.java:1189)
	at org.apache.coyote.AbstractProtocol.start(AbstractProtocol.java:568)
	at org.apache.catalina.connector.Connector.startInternal(Connector.java:1005)
	... 14 common frames omitted
2019-05-12 13:33:37,701 [main]  INFO Stopping service [Tomcat]
2019-05-12 13:33:37,730 [main]  INFO 

Error starting ApplicationContext. To display the conditions report re-run your application with 'debug' enabled.
2019-05-12 13:33:37,745 [main] ERROR 

***************************
APPLICATION FAILED TO START
***************************

Description:

The Tomcat connector configured to listen on port 8080 failed to start. The port may already be in use or the connector may be misconfigured.

Action:

Verify the connector's configuration, identify and stop any process that's listening on port 8080, or configure this application to listen on another port.

2019-05-12 13:33:37,747 [main]  INFO Shutting down ExecutorService 'applicationTaskExecutor'
2019-05-12 13:33:37,748 [main]  INFO Closing JPA EntityManagerFactory for persistence unit 'default'
2019-05-12 13:33:37,749 [main]  INFO HikariPool-1 - Shutdown initiated...
2019-05-12 13:33:37,751 [main]  INFO HikariPool-1 - Shutdown completed.
