2019-05-12 13:33:35.202  INFO 5004 --- [main] com.payment.demo.PaymentApplication      : Starting PaymentApplication on TRCM-ACDM9 with PID 5004 (C:\Users\nobed\Payment\target\classes started by nobed in C:\Users\nobed\Payment)
2019-05-12 13:33:35.232  INFO 5004 --- [main] com.payment.demo.PaymentApplication      : No active profile set, falling back to default profiles: default
2019-05-12 13:33:35.753  INFO 5004 --- [main] .s.d.r.c.RepositoryConfigurationDelegate : Bootstrapping Spring Data repositories in DEFAULT mode.
2019-05-12 13:33:35.791  INFO 5004 --- [main] .s.d.r.c.RepositoryConfigurationDelegate : Finished Spring Data repository scanning in 34ms. Found 1 repository interfaces.
2019-05-12 13:33:35.964  INFO 5004 --- [main] trationDelegate$BeanPostProcessorChecker : Bean 'org.springframework.transaction.annotation.ProxyTransactionManagementConfiguration' of type [org.springframework.transaction.annotation.ProxyTransactionManagementConfiguration$$EnhancerBySpringCGLIB$$dac6e1e] is not eligible for getting processed by all BeanPostProcessors (for example: not eligible for auto-proxying)
2019-05-12 13:33:36.242  INFO 5004 --- [main] o.s.b.w.embedded.tomcat.TomcatWebServer  : Tomcat initialized with port(s): 8080 (http)
2019-05-12 13:33:36.254  INFO 5004 --- [main] o.apache.catalina.core.StandardService   : Starting service [Tomcat]
2019-05-12 13:33:36.254  INFO 5004 --- [main] org.apache.catalina.core.StandardEngine  : Starting Servlet engine: [Apache Tomcat/9.0.17]
2019-05-12 13:33:36.332  INFO 5004 --- [main] o.a.c.c.C.[Tomcat].[localhost].[/]       : Initializing Spring embedded WebApplicationContext
2019-05-12 13:33:36.332  INFO 5004 --- [main] o.s.web.context.ContextLoader            : Root WebApplicationContext: initialization completed in 1080 ms
2019-05-12 13:33:36.431  INFO 5004 --- [main] com.zaxxer.hikari.HikariDataSource       : HikariPool-1 - Starting...
2019-05-12 13:33:36.501  INFO 5004 --- [main] com.zaxxer.hikari.HikariDataSource       : HikariPool-1 - Start completed.
2019-05-12 13:33:36.575  INFO 5004 --- [main] o.hibernate.jpa.internal.util.LogHelper  : HHH000204: Processing PersistenceUnitInfo [
	name: default
	...]
2019-05-12 13:33:36.610  INFO 5004 --- [main] org.hibernate.Version                    : HHH000412: Hibernate Core {5.3.9.Final}
2019-05-12 13:33:36.611  INFO 5004 --- [main] org.hibernate.cfg.Environment            : HHH000206: hibernate.properties not found
2019-05-12 13:33:36.680  INFO 5004 --- [main] o.hibernate.annotations.common.Version   : HCANN000001: Hibernate Commons Annotations {5.0.4.Final}
2019-05-12 13:33:36.771  INFO 5004 --- [main] org.hibernate.dialect.Dialect            : HHH000400: Using dialect: org.hibernate.dialect.MySQL5Dialect
2019-05-12 13:33:37.195  INFO 5004 --- [main] j.LocalContainerEntityManagerFactoryBean : Initialized JPA EntityManagerFactory for persistence unit 'default'
2019-05-12 13:33:37.545  INFO 5004 --- [main] o.s.s.concurrent.ThreadPoolTaskExecutor  : Initializing ExecutorService 'applicationTaskExecutor'
2019-05-12 13:33:37.582  WARN 5004 --- [main] aWebConfiguration$JpaWebMvcConfiguration : spring.jpa.open-in-view is enabled by default. Therefore, database queries may be performed during view rendering. Explicitly configure spring.jpa.open-in-view to disable this warning
2019-05-12 13:33:37.696 ERROR 5004 --- [main] org.apache.catalina.util.LifecycleBase   : Failed to start component [Connector[HTTP/1.1-8080]]

org.apache.catalina.LifecycleException: Protocol handler start failed
	at org.apache.catalina.connector.Connector.startInternal(Connector.java:1008)
	at org.apache.catalina.util.LifecycleBase.start(LifecycleBase.java:183)
	at org.apache.catalina.core.StandardService.addConnector(StandardService.java:226)
	at org.springframework.boot.web.embedded.tomcat.TomcatWebServer.addPreviouslyRemovedConnectors(TomcatWebServer.java:259)
	at org.springframework.boot.web.embedded.tomcat.TomcatWebServer.start(TomcatWebServer.java:197)
	at org.springframework.boot.web.servlet.context.ServletWebServerApplicationContext.startWebServer(ServletWebServerApplicationContext.java:311)
	at org.springframework.boot.web.servlet.context.ServletWebServerApplicationContext.finishRefresh(ServletWebServerApplicationContext.java:164)
	at org.springframework.context.support.AbstractApplicationContext.refresh(AbstractApplicationContext.java:552)
	at org.springframework.boot.web.servlet.context.ServletWebServerApplicationContext.refresh(ServletWebServerApplicationContext.java:142)
	at org.springframework.boot.SpringApplication.refresh(SpringApplication.java:775)
	at org.springframework.boot.SpringApplication.refreshContext(SpringApplication.java:397)
	at org.springframework.boot.SpringApplication.run(SpringApplication.java:316)
	at org.springframework.boot.SpringApplication.run(SpringApplication.java:1260)
	at org.springframework.boot.SpringApplication.run(SpringApplication.java:1248)
	at com.payment.demo.PaymentApplication.main(PaymentApplication.java:10)
Caused by: java.net.BindException: Address already in use: bind
	at sun.nio.ch.Net.bind0(Native Method)
	at sun.nio.ch.Net.bind(Net.java:433)
	at sun.nio.ch.Net.bind(Net.java:425)
	at sun.nio.ch.ServerSocketChannelImpl.bind(ServerSocketChannelImpl.java:223)
	at sun.nio.ch.ServerSocketAdaptor.bind(ServerSocketAdaptor.java:74)
	at org.apache.tomcat.util.net.NioEndpoint.initServerSocket(NioEndpoint.java:236)
	at org.apache.tomcat.util.net.NioEndpoint.bind(NioEndpoint.java:210)
	at org.apache.tomcat.util.net.AbstractEndpoint.bindWithCleanup(AbstractEndpoint.java:1103)
	at org.apache.tomcat.util.net.AbstractEndpoint.start(AbstractEndpoint.java:1189)
	at org.apache.coyote.AbstractProtocol.start(AbstractProtocol.java:568)
	at org.apache.catalina.connector.Connector.startInternal(Connector.java:1005)
	... 14 common frames omitted

2019-05-12 13:33:37.701  INFO 5004 --- [main] o.apache.catalina.core.StandardService   : Stopping service [Tomcat]
2019-05-12 13:33:37.730  INFO 5004 --- [main] ConditionEvaluationReportLoggingListener : 

Error starting ApplicationContext. To display the conditions report re-run your application with 'debug' enabled.
2019-05-12 13:33:37.745 ERROR 5004 --- [main] o.s.b.d.LoggingFailureAnalysisReporter   : 

***************************
APPLICATION FAILED TO START
***************************

Description:

The Tomcat connector configured to listen on port 8080 failed to start. The port may already be in use or the connector may be misconfigured.

Action:

Verify the connector's configuration, identify and stop any process that's listening on port 8080, or configure this application to listen on another port.

2019-05-12 13:33:37.747  INFO 5004 --- [main] o.s.s.concurrent.ThreadPoolTaskExecutor  : Shutting down ExecutorService 'applicationTaskExecutor'
2019-05-12 13:33:37.748  INFO 5004 --- [main] j.LocalContainerEntityManagerFactoryBean : Closing JPA EntityManagerFactory for persistence unit 'default'
2019-05-12 13:33:37.749  INFO 5004 --- [main] com.zaxxer.hikari.HikariDataSource       : HikariPool-1 - Shutdown initiated...
2019-05-12 13:33:37.751  INFO 5004 --- [main] com.zaxxer.hikari.HikariDataSource       : HikariPool-1 - Shutdown completed.
